<?xml version="1.0" encoding="UTF-8"?>
<!-- Generated by org.testng.reporters.JUnitReportReporter -->
<testsuite hostname="DESKTOP-7PK38V7" failures="0" tests="1" name="testRunners.RunTest" time="37.480" errors="0" timestamp="2021-09-05T02:14:50 BST" skipped="0">
  <testcase classname="testRunners.RunTest" name="runScenario" time="37.480"/>
  <system-out/>
</testsuite> <!-- testRunners.RunTest -->
